<?xml version="1.0" encoding="UTF-8"?>
<testsuite xmlns:xsi="http://www.w3.org/2001/XMLSchema-instance" xsi:noNamespaceSchemaLocation="https://maven.apache.org/surefire/maven-surefire-plugin/xsd/surefire-test-report.xsd" name="StepDefinitions.TestRunner" time="54.228" tests="3" errors="0" skipped="0" failures="1">
  <properties>
[...]
</properties>
  <testcase name="To check the alignment of News Articles on Home page" classname="To test important features of Home Page of PwC Digital Pulse application" time="8.86"/>
  <testcase name="To validate that the Subscription form can be submitted successfully" classname="To test important features of Home Page of PwC Digital Pulse application" time="31.817">
    <failure type="java.lang.AssertionError">java.lang.AssertionError
</failure>
    <system-out><![CDATA[
@demo
Scenario: To validate that the Subscription form can be submitted successfully # src/main/java/Features/HomePage.feature:13
--Launched the Digital Pulse Website Successfully--
  Given I navigate to the PwC Digital Pulse website                            # StepDefinitions.HomePageStepDef.navigate_to_the_website()
-------Verified that I have navigated to correct webpage-------
  And I am viewing the Home page                                               # StepDefinitions.HomePageStepDef.verify_home_page()
Failed to click method
  When I click on "Subscribe"                                                  # StepDefinitions.HomePageStepDef.click(java.lang.String)
      java.lang.AssertionError
	at org.junit.Assert.fail(Assert.java:86)
	at org.junit.Assert.fail(Assert.java:95)
	at StepDefinitions.HomePageStepDef.click(HomePageStepDef.java:164)
	at âœ½.I click on "Subscribe"(file:///C:/Users/zende/Downloads/Assignment-main/Assignment-main/src/main/java/Features/HomePage.feature:16)

  Then I am viewing the Subscribe page                                         # StepDefinitions.HomePageStepDef.verify_subscribe_page()
  And Enter data in all the fields in the form                                 # StepDefinitions.HomePageStepDef.fill_the_subscribe_form()
  And I will need to complete Google reCAPTCHA                                 # StepDefinitions.HomePageStepDef.complete_recaptcha()
  And I will verify that the submit button is enabled                          # StepDefinitions.HomePageStepDef.verify_submit_button_in_subscribe_form()
]]></system-out>
    <system-err><![CDATA[Starting ChromeDriver 103.0.5060.53 (a1711811edd74ff1cf2150f36ffa3b0dae40b17f-refs/branch-heads/5060@{#853}) on port 24095
Only local connections are allowed.
Please see https://chromedriver.chromium.org/security-considerations for suggestions on keeping ChromeDriver safe.
ChromeDriver was started successfully.
Jul 15, 2022 4:48:06 PM org.openqa.selenium.remote.ProtocolHandshake createSession
INFO: Detected dialect: W3C
]]></system-err>
  </testcase>
  <testcase name="To validate the search functionality" classname="To test important features of Home Page of PwC Digital Pulse application" time="12.475"/>
</testsuite>